

*******************************************************************************
Wed Dec 18 17:24:26 2019


FIT:    data read from 'greedy2.txt'
        format = z
        #datapoints = 27
        residuals are weighted equally (unit weight)

function used for fitting: f(x)
	f(x) = a * x**2
BREAK: Need via and either parameter list or file

*******************************************************************************
Wed Dec 18 17:24:31 2019


FIT:    data read from 'greedy2.txt'
        format = z
        #datapoints = 27
        residuals are weighted equally (unit weight)

function used for fitting: f(x)
	f(x) = a * x**2
fitted parameters initialized with current variable values

iter      chisq       delta/lim  lambda   a            
   0 1.0090930293e+09   0.00e+00  4.42e+02    1.000000e+00
   3 2.3589853599e+08  -5.73e-05  4.42e-01    1.310817e+01

After 3 iterations the fit converged.
final sum of squares of residuals : 2.35899e+08
rel. change during last iteration : -5.73057e-10

degrees of freedom    (FIT_NDF)                        : 26
rms of residuals      (FIT_STDFIT) = sqrt(WSSR/ndf)    : 3012.15
variance of residuals (reduced chisquare) = WSSR/ndf   : 9.07302e+06

Final set of parameters            Asymptotic Standard Error
=======================            ==========================
a               = 13.1082          +/- 1.312        (10.01%)
